0 verbose cli /Users/scottterry/.nvm/versions/node/v20.18.3/bin/node /Users/scottterry/.nvm/versions/node/v20.18.3/bin/npm
1 info using npm@10.8.2
2 info using node@v20.18.3
3 silly config load:file:/Users/scottterry/.nvm/versions/node/v20.18.3/lib/node_modules/npm/npmrc
4 silly config load:file:/Users/scottterry/Workspace/AgentGarage/ExampleChatApp/node-red-example/.npmrc
5 silly config load:file:/Users/scottterry/.npmrc
6 silly config load:file:/Users/scottterry/.nvm/versions/node/v20.18.3/etc/npmrc
7 verbose title npm install
8 verbose argv "install"
9 verbose logfile logs-max:10 dir:/Users/scottterry/Workspace/AgentGarage/ExampleChatApp/node-red-example/.npm-cache/_logs/2025-02-21T19_18_35_330Z-
10 verbose logfile /Users/scottterry/Workspace/AgentGarage/ExampleChatApp/node-red-example/.npm-cache/_logs/2025-02-21T19_18_35_330Z-debug-0.log
11 silly packumentCache heap:4345298944 maxSize:1086324736 maxEntrySize:543162368
12 silly logfile start cleaning logs, removing 1 files
13 silly logfile done cleaning log files
14 silly idealTree buildDeps
15 verbose shrinkwrap failed to load node_modules/.package-lock.json missing from node_modules: ../../UniversalBuilder
16 silly reify moves {}
17 silly audit bulk request {
17 silly audit   'node-red-contrib-universal-deploy': [ '1.0.2' ],
17 silly audit   '@sinonjs/commons': [ '3.0.1', '1.8.6' ],
17 silly audit   '@sinonjs/fake-timers': [ '11.3.1', '7.1.2' ],
17 silly audit   '@sinonjs/samsam': [ '8.0.2', '6.1.3' ],
17 silly audit   'type-detect': [ '4.1.0', '4.0.8' ],
17 silly audit   sinon: [ '17.0.1', '11.1.2' ],
17 silly audit   'supports-color': [ '7.2.0', '5.5.0', '8.1.1' ],
17 silly audit   '@ampproject/remapping': [ '2.3.0' ],
17 silly audit   '@babel/code-frame': [ '7.26.2' ],
17 silly audit   '@babel/compat-data': [ '7.26.8' ],
17 silly audit   '@babel/core': [ '7.26.9' ],
17 silly audit   'convert-source-map': [ '2.0.0', '1.9.0' ],
17 silly audit   debug: [ '4.4.0', '2.6.9' ],
17 silly audit   ms: [ '2.1.3', '2.0.0' ],
17 silly audit   semver: [ '6.3.1', '7.5.4', '7.6.3' ],
17 silly audit   '@babel/generator': [ '7.26.9' ],
17 silly audit   '@babel/helper-compilation-targets': [ '7.26.5' ],
17 silly audit   'lru-cache': [ '5.1.1', '6.0.0', '10.4.3', '4.1.5' ],
17 silly audit   yallist: [ '3.1.1', '2.1.2', '4.0.0' ],
17 silly audit   '@babel/helper-module-imports': [ '7.25.9' ],
17 silly audit   '@babel/helper-module-transforms': [ '7.26.0' ],
17 silly audit   '@babel/helper-string-parser': [ '7.25.9' ],
17 silly audit   '@babel/helper-validator-identifier': [ '7.25.9' ],
17 silly audit   '@babel/helper-validator-option': [ '7.25.9' ],
17 silly audit   '@babel/helpers': [ '7.26.9' ],
17 silly audit   '@babel/parser': [ '7.26.9' ],
17 silly audit   '@babel/runtime': [ '7.26.0' ],
17 silly audit   '@babel/template': [ '7.26.9' ],
17 silly audit   '@babel/traverse': [ '7.26.9' ],
17 silly audit   globals: [ '11.12.0', '13.24.0' ],
17 silly audit   '@babel/types': [ '7.26.9' ],
17 silly audit   '@balena/dockerignore': [ '1.0.2' ],
17 silly audit   '@eslint-community/eslint-utils': [ '4.4.1' ],
17 silly audit   '@eslint-community/regexpp': [ '4.12.1' ],
17 silly audit   '@eslint/eslintrc': [ '2.1.4' ],
17 silly audit   ajv: [ '6.12.6', '8.17.1', '8.12.0' ],
17 silly audit   'brace-expansion': [ '1.1.11', '2.0.1' ],
17 silly audit   'json-schema-traverse': [ '0.4.1', '1.0.0' ],
17 silly audit   minimatch: [ '3.1.2', '5.1.6' ],
17 silly audit   '@eslint/js': [ '8.57.1' ],
17 silly audit   '@humanwhocodes/config-array': [ '0.13.0' ],
17 silly audit   '@humanwhocodes/module-importer': [ '1.0.1' ],
17 silly audit   '@humanwhocodes/object-schema': [ '2.0.3' ],
17 silly audit   '@istanbuljs/load-nyc-config': [ '1.1.0' ],
17 silly audit   argparse: [ '1.0.10', '2.0.1' ],
17 silly audit   camelcase: [ '5.3.1', '6.3.0' ],
17 silly audit   'find-up': [ '4.1.0', '5.0.0' ],
17 silly audit   'js-yaml': [ '3.14.1', '4.1.0' ],
17 silly audit   'locate-path': [ '5.0.0', '6.0.0' ],
17 silly audit   'p-limit': [ '2.3.0', '3.1.0' ],
17 silly audit   'p-locate': [ '4.1.0', '5.0.0' ],
17 silly audit   'resolve-from': [ '5.0.0', '4.0.0' ],
17 silly audit   '@istanbuljs/schema': [ '0.1.3' ],
17 silly audit   '@jridgewell/gen-mapping': [ '0.3.8' ],
17 silly audit   '@jridgewell/resolve-uri': [ '3.1.2' ],
17 silly audit   '@jridgewell/set-array': [ '1.2.1' ],
17 silly audit   '@jridgewell/sourcemap-codec': [ '1.5.0' ],
17 silly audit   '@jridgewell/trace-mapping': [ '0.3.25' ],
17 silly audit   '@mapbox/node-pre-gyp': [ '1.0.11' ],
17 silly audit   '@node-red/editor-api': [ '3.1.15' ],
17 silly audit   '@node-red/editor-client': [ '3.1.15' ],
17 silly audit   '@node-red/nodes': [ '4.0.8', '3.1.15' ],
17 silly audit   '@node-red/registry': [ '3.1.15' ],
17 silly audit   'fs-extra': [ '11.1.1', '11.2.0' ],
17 silly audit   '@node-red/runtime': [ '3.1.15' ],
17 silly audit   '@node-red/util': [ '3.1.15' ],
17 silly audit   '@nodelib/fs.scandir': [ '2.1.5' ],
17 silly audit   '@nodelib/fs.stat': [ '2.0.5' ],
17 silly audit   '@nodelib/fs.walk': [ '1.2.8' ],
17 silly audit   '@sindresorhus/is': [ '5.6.0' ],
17 silly audit   '@sinonjs/text-encoding': [ '0.7.3' ],
17 silly audit   '@szmarczak/http-timer': [ '5.0.1' ],
17 silly audit   '@types/http-cache-semantics': [ '4.0.4' ],
17 silly audit   '@types/node': [ '22.10.7' ],
17 silly audit   '@types/readable-stream': [ '4.0.18' ],
17 silly audit   '@types/ws': [ '8.5.13' ],
17 silly audit   '@ungap/structured-clone': [ '1.3.0' ],
17 silly audit   abbrev: [ '1.1.1' ],
17 silly audit   'abort-controller': [ '3.0.0' ],
17 silly audit   accepts: [ '1.3.8' ],
17 silly audit   acorn: [ '8.12.1', '8.8.2' ],
17 silly audit   'acorn-jsx': [ '5.3.2' ],
17 silly audit   'acorn-walk': [ '8.3.4', '8.2.0' ],
17 silly audit   'agent-base': [ '6.0.2' ],
17 silly audit   'aggregate-error': [ '3.1.0' ],
17 silly audit   'ansi-colors': [ '4.1.3' ],
17 silly audit   'ansi-regex': [ '5.0.1' ],
17 silly audit   'ansi-styles': [ '4.3.0' ],
17 silly audit   anymatch: [ '3.1.3' ],
17 silly audit   'append-field': [ '1.0.0' ],
17 silly audit   'append-transform': [ '2.0.0' ],
17 silly audit   aproba: [ '2.0.0' ],
17 silly audit   archy: [ '1.0.0' ],
17 silly audit   'are-we-there-yet': [ '2.0.0' ],
17 silly audit   'readable-stream': [ '3.6.2', '2.3.8', '4.7.0' ],
17 silly audit   'array-flatten': [ '1.1.1' ],
17 silly audit   asap: [ '2.0.6' ],
17 silly audit   asn1: [ '0.2.6' ],
17 silly audit   'assertion-error': [ '1.1.0' ],
17 silly audit   'async-mutex': [ '0.4.0' ],
17 silly audit   asynckit: [ '0.4.0' ],
17 silly audit   axios: [ '1.7.9' ],
17 silly audit   'balanced-match': [ '1.0.2' ],
17 silly audit   'base64-js': [ '1.5.1' ],
17 silly audit   'basic-auth': [ '2.0.1' ],
17 silly audit   bcrypt: [ '5.1.0', '5.1.1' ],
17 silly audit   'bcrypt-pbkdf': [ '1.0.2' ],
17 silly audit   bcryptjs: [ '2.4.3' ],
17 silly audit   'binary-extensions': [ '2.3.0' ],
17 silly audit   bl: [ '6.0.18', '4.1.0' ],
17 silly audit   'body-parser': [ '1.20.3' ],
17 silly audit   'iconv-lite': [ '0.4.24', '0.6.3' ],
17 silly audit   'raw-body': [ '2.5.2', '3.0.0' ],
17 silly audit   boolbase: [ '1.0.0' ],
17 silly audit   braces: [ '3.0.3' ],
17 silly audit   'browser-stdout': [ '1.3.1' ],
17 silly audit   browserslist: [ '4.24.4' ],
17 silly audit   buffer: [ '6.0.3', '5.7.1' ],
17 silly audit   'buffer-from': [ '1.1.2' ],
17 silly audit   buildcheck: [ '0.0.6' ],
17 silly audit   busboy: [ '1.6.0' ],
17 silly audit   bytes: [ '3.1.2' ],
17 silly audit   'cacheable-lookup': [ '7.0.0' ],
17 silly audit   'cacheable-request': [ '10.2.14' ],
17 silly audit   'caching-transform': [ '4.0.0' ],
17 silly audit   'call-bind-apply-helpers': [ '1.0.1' ],
17 silly audit   'call-bound': [ '1.0.3' ],
17 silly audit   callsites: [ '3.1.0' ],
17 silly audit   'caniuse-lite': [ '1.0.30001700' ],
17 silly audit   chai: [ '4.5.0' ],
17 silly audit   chalk: [ '4.1.2' ],
17 silly audit   'check-error': [ '1.0.3' ],
17 silly audit   cheerio: [ '1.0.0-rc.10' ],
17 silly audit   'cheerio-select': [ '1.6.0' ],
17 silly audit   chokidar: [ '3.6.0' ],
17 silly audit   chownr: [ '2.0.0', '1.1.4' ],
17 silly audit   'clean-stack': [ '2.2.0' ],
17 silly audit   'cli-table': [ '0.3.11' ],
17 silly audit   cliui: [ '7.0.4', '6.0.0' ],
17 silly audit   clone: [ '2.1.2' ],
17 silly audit   'color-convert': [ '2.0.1' ],
17 silly audit   'color-name': [ '1.1.4' ],
17 silly audit   'color-support': [ '1.1.3' ],
17 silly audit   colors: [ '1.0.3' ],
17 silly audit   'combined-stream': [ '1.0.8' ],
17 silly audit   commist: [ '3.2.0', '1.1.0' ],
17 silly audit   commondir: [ '1.0.1' ],
17 silly audit   'component-emitter': [ '1.3.1' ],
17 silly audit   'concat-map': [ '0.0.1' ],
17 silly audit   'concat-stream': [ '2.0.0', '1.6.2' ],
17 silly audit   'console-control-strings': [ '1.1.0' ],
17 silly audit   'content-disposition': [ '0.5.4' ],
17 silly audit   'safe-buffer': [ '5.2.1', '5.1.2' ],
17 silly audit   'content-type': [ '1.0.5' ],
17 silly audit   cookie: [ '0.7.2', '0.7.1' ],
17 silly audit   'cookie-parser': [ '1.4.7' ],
17 silly audit   'cookie-signature': [ '1.0.6', '1.0.7' ],
17 silly audit   cookiejar: [ '2.1.4' ],
17 silly audit   'core-util-is': [ '1.0.3' ],
17 silly audit   cors: [ '2.8.5' ],
17 silly audit   'cpu-features': [ '0.0.10' ],
17 silly audit   cronosjs: [ '1.7.1' ],
17 silly audit   'cross-spawn': [ '7.0.6' ],
17 silly audit   'css-select': [ '4.3.0' ],
17 silly audit   'css-what': [ '6.1.0' ],
17 silly audit   decamelize: [ '4.0.0', '1.2.0' ],
17 silly audit   'decompress-response': [ '6.0.0' ],
17 silly audit   'mimic-response': [ '3.1.0', '4.0.0' ],
17 silly audit   'deep-eql': [ '4.1.4' ],
17 silly audit   'deep-is': [ '0.1.4' ],
17 silly audit   'default-require-extensions': [ '3.0.1' ],
17 silly audit   'defer-to-connect': [ '2.0.1' ],
17 silly audit   'delayed-stream': [ '1.0.0' ],
17 silly audit   delegates: [ '1.0.0' ],
17 silly audit   denque: [ '2.1.0' ],
17 silly audit   depd: [ '2.0.0' ],
17 silly audit   destroy: [ '1.2.0' ],
17 silly audit   'detect-libc': [ '2.0.3' ],
17 silly audit   dezalgo: [ '1.0.4' ],
17 silly audit   diff: [ '5.2.0' ],
17 silly audit   'docker-modem': [ '3.0.8' ],
17 silly audit   dockerode: [ '3.3.5' ],
17 silly audit   doctrine: [ '3.0.0' ],
17 silly audit   'dom-serializer': [ '1.4.1' ],
17 silly audit   domelementtype: [ '2.3.0' ],
17 silly audit   domhandler: [ '4.3.1' ],
17 silly audit   domutils: [ '2.8.0' ],
17 silly audit   dotenv: [ '16.4.7' ],
17 silly audit   'dunder-proto': [ '1.0.1' ],
17 silly audit   duplexify: [ '4.1.3' ],
17 silly audit   'ee-first': [ '1.1.1' ],
17 silly audit   'electron-to-chromium': [ '1.5.102' ],
17 silly audit   'emoji-regex': [ '8.0.0' ],
17 silly audit   encodeurl: [ '2.0.0', '1.0.2' ],
17 silly audit   'end-of-stream': [ '1.4.4' ],
17 silly audit   enquirer: [ '2.4.1' ],
17 silly audit   entities: [ '2.2.0' ],
17 silly audit   'es-define-property': [ '1.0.1' ],
17 silly audit   'es-errors': [ '1.3.0' ],
17 silly audit   'es-object-atoms': [ '1.1.1' ],
17 silly audit   'es6-error': [ '4.1.1' ],
17 silly audit   escalade: [ '3.2.0' ],
17 silly audit   'escape-html': [ '1.0.3' ],
17 silly audit   'escape-string-regexp': [ '4.0.0' ],
17 silly audit   eslint: [ '8.57.1' ],
17 silly audit   'eslint-scope': [ '7.2.2' ],
17 silly audit   'eslint-visitor-keys': [ '3.4.3' ],
17 silly audit   'glob-parent': [ '6.0.2', '5.1.2' ],
17 silly audit   espree: [ '9.6.1' ],
17 silly audit   esprima: [ '4.0.1' ],
17 silly audit   esquery: [ '1.6.0' ],
17 silly audit   esrecurse: [ '4.3.0' ],
17 silly audit   estraverse: [ '5.3.0' ],
17 silly audit   esutils: [ '2.0.3' ],
17 silly audit   etag: [ '1.8.1' ],
17 silly audit   'event-target-shim': [ '5.0.1' ],
17 silly audit   events: [ '3.3.0' ],
17 silly audit   express: [ '4.21.2' ],
17 silly audit   'express-session': [ '1.18.1' ],
17 silly audit   'fast-deep-equal': [ '3.1.3' ],
17 silly audit   'fast-json-stable-stringify': [ '2.1.0' ],
17 silly audit   'fast-levenshtein': [ '2.0.6' ],
17 silly audit   'fast-safe-stringify': [ '2.1.1' ],
17 silly audit   'fast-unique-numbers': [ '8.0.13' ],
17 silly audit   'fast-uri': [ '3.0.5' ],
17 silly audit   fastq: [ '1.19.0' ],
17 silly audit   'file-entry-cache': [ '6.0.1' ],
17 silly audit   'fill-range': [ '7.1.1' ],
17 silly audit   finalhandler: [ '1.3.1' ],
17 silly audit   'find-cache-dir': [ '3.3.2' ],
17 silly audit   flat: [ '5.0.2' ],
17 silly audit   'flat-cache': [ '3.2.0' ],
17 silly audit   flatted: [ '3.3.3' ],
17 silly audit   'follow-redirects': [ '1.15.9' ],
17 silly audit   'foreground-child': [ '2.0.0' ],
17 silly audit   'form-data': [ '4.0.0' ],
17 silly audit   'form-data-encoder': [ '2.1.4' ],
17 silly audit   formidable: [ '3.5.2' ],
17 silly audit   forwarded: [ '0.2.0' ],
17 silly audit   fresh: [ '0.5.2' ],
17 silly audit   fromentries: [ '1.3.2' ],
17 silly audit   'fs-constants': [ '1.0.0' ],
17 silly audit   'fs-minipass': [ '2.1.0' ],
17 silly audit   minipass: [ '3.3.6', '5.0.0' ],
17 silly audit   'fs.realpath': [ '1.0.0' ],
17 silly audit   fsevents: [ '2.3.3' ],
17 silly audit   'function-bind': [ '1.1.2' ],
17 silly audit   gauge: [ '3.0.2' ],
17 silly audit   gensync: [ '1.0.0-beta.2' ],
17 silly audit   'get-caller-file': [ '2.0.5' ],
17 silly audit   'get-func-name': [ '2.0.2' ],
17 silly audit   'get-intrinsic': [ '1.2.7' ],
17 silly audit   'get-package-type': [ '0.1.0' ],
17 silly audit   'get-proto': [ '1.0.1' ],
17 silly audit   'get-stream': [ '6.0.1' ],
17 silly audit   glob: [ '8.1.0', '7.2.3' ],
17 silly audit   gopd: [ '1.2.0' ],
17 silly audit   got: [ '12.6.1', '12.6.0' ],
17 silly audit   'graceful-fs': [ '4.2.11' ],
17 silly audit   graphemer: [ '1.4.0' ],
17 silly audit   'has-flag': [ '4.0.0', '3.0.0' ],
17 silly audit   'has-symbols': [ '1.1.0' ],
17 silly audit   'has-unicode': [ '2.0.1' ],
17 silly audit   'hash-sum': [ '2.0.0' ],
17 silly audit   hasha: [ '5.2.2' ],
17 silly audit   'type-fest': [ '0.8.1', '0.20.2' ],
17 silly audit   hasown: [ '2.0.2' ],
17 silly audit   he: [ '1.2.0' ],
17 silly audit   'help-me': [ '5.0.0', '3.0.0' ],
17 silly audit   hexoid: [ '2.0.0' ],
17 silly audit   hpagent: [ '1.2.0' ],
17 silly audit   'html-escaper': [ '2.0.2' ],
17 silly audit   htmlparser2: [ '6.1.0' ],
17 silly audit   'http-cache-semantics': [ '4.1.1' ],
17 silly audit   'http-errors': [ '2.0.0' ],
17 silly audit   'http2-wrapper': [ '2.2.1' ],
17 silly audit   'https-proxy-agent': [ '5.0.1' ],
17 silly audit   i18next: [ '21.10.0' ],
17 silly audit   ieee754: [ '1.2.1' ],
17 silly audit   ignore: [ '5.3.2' ],
17 silly audit   'ignore-by-default': [ '1.0.1' ],
17 silly audit   'import-fresh': [ '3.3.1' ],
17 silly audit   imurmurhash: [ '0.1.4' ],
17 silly audit   'indent-string': [ '4.0.0' ],
17 silly audit   inflight: [ '1.0.6' ],
17 silly audit   inherits: [ '2.0.4' ],
17 silly audit   'ipaddr.js': [ '1.9.1' ],
17 silly audit   'is-binary-path': [ '2.1.0' ],
17 silly audit   'is-extglob': [ '2.1.1' ],
17 silly audit   'is-fullwidth-code-point': [ '3.0.0' ],
17 silly audit   'is-glob': [ '4.0.3' ],
17 silly audit   'is-number': [ '7.0.0' ],
17 silly audit   'is-path-inside': [ '3.0.3' ],
17 silly audit   'is-plain-obj': [ '2.1.0' ],
17 silly audit   'is-stream': [ '2.0.1' ],
17 silly audit   'is-typedarray': [ '1.0.0' ],
17 silly audit   'is-unicode-supported': [ '0.1.0' ],
17 silly audit   'is-utf8': [ '0.2.1' ],
17 silly audit   'is-windows': [ '1.0.2' ],
17 silly audit   isarray: [ '1.0.0' ],
17 silly audit   isexe: [ '2.0.0' ],
17 silly audit   'istanbul-lib-coverage': [ '3.2.2' ],
17 silly audit   'istanbul-lib-hook': [ '3.0.0' ],
17 silly audit   'istanbul-lib-instrument': [ '4.0.3' ],
17 silly audit   'istanbul-lib-processinfo': [ '2.0.3' ],
17 silly audit   uuid: [ '8.3.2', '9.0.0', '9.0.1' ],
17 silly audit   'istanbul-lib-report': [ '3.0.1' ],
17 silly audit   'make-dir': [ '4.0.0', '3.1.0' ],
17 silly audit   'istanbul-lib-source-maps': [ '4.0.1' ],
17 silly audit   'istanbul-reports': [ '3.1.7' ],
17 silly audit   'js-sdsl': [ '4.3.0' ],
17 silly audit   'js-tokens': [ '4.0.0' ],
17 silly audit   jsesc: [ '3.1.0' ],
17 silly audit   'json-buffer': [ '3.0.1' ],
17 silly audit   'json-stable-stringify-without-jsonify': [ '1.0.1' ],
17 silly audit   'json-stringify-safe': [ '5.0.1' ],
17 silly audit   json5: [ '2.2.3' ],
17 silly audit   jsonata: [ '1.8.7' ],
17 silly audit   jsonfile: [ '6.1.0' ],
17 silly audit   'just-extend': [ '6.2.0' ],
17 silly audit   keyv: [ '4.5.4' ],
17 silly audit   leven: [ '2.1.0' ],
17 silly audit   levn: [ '0.4.1' ],
17 silly audit   'lodash.clonedeep': [ '4.5.0' ],
17 silly audit   'lodash.flattendeep': [ '4.4.0' ],
17 silly audit   'lodash.get': [ '4.4.2' ],
17 silly audit   'lodash.merge': [ '4.6.2' ],
17 silly audit   'log-symbols': [ '4.1.0' ],
17 silly audit   loupe: [ '2.3.7' ],
17 silly audit   'lowercase-keys': [ '3.0.0' ],
17 silly audit   'math-intrinsics': [ '1.1.0' ],
17 silly audit   'media-typer': [ '1.1.0', '0.3.0' ],
17 silly audit   memorystore: [ '1.6.7' ],
17 silly audit   'merge-descriptors': [ '1.0.3' ],
17 silly audit   methods: [ '1.1.2' ],
17 silly audit   mime: [ '3.0.0', '1.6.0', '2.6.0' ],
17 silly audit   'mime-db': [ '1.52.0' ],
17 silly audit   'mime-types': [ '2.1.35' ],
17 silly audit   minimist: [ '1.2.8' ],
17 silly audit   minizlib: [ '2.1.2' ],
17 silly audit   mkdirp: [ '0.5.6', '1.0.4' ],
17 silly audit   'mkdirp-classic': [ '0.5.3' ],
17 silly audit   mocha: [ '10.8.2' ],
17 silly audit   moment: [ '2.29.4' ],
17 silly audit   'moment-timezone': [ '0.5.43' ],
17 silly audit   mqtt: [ '5.7.0', '4.3.7' ],
17 silly audit   'mqtt-packet': [ '9.0.1', '6.10.0' ],
17 silly audit   ws: [ '8.18.0', '7.5.10' ],
17 silly audit   multer: [ '1.4.5-lts.1' ],
17 silly audit   string_decoder: [ '1.1.1', '1.3.0' ],
17 silly audit   mustache: [ '4.2.0' ],
17 silly audit   'mute-stream': [ '0.0.8' ],
17 silly audit   nan: [ '2.22.0' ],
17 silly audit   'natural-compare': [ '1.4.0' ],
17 silly audit   negotiator: [ '0.6.3' ],
17 silly audit   nise: [ '5.1.9' ],
17 silly audit   'path-to-regexp': [ '6.3.0', '0.1.12' ],
17 silly audit   'node-addon-api': [ '5.1.0' ],
17 silly audit   'node-fetch': [ '2.7.0' ],
17 silly audit   'node-preload': [ '0.2.1' ],
17 silly audit   'node-red': [ '3.1.15' ],
17 silly audit   'node-red-admin': [ '3.1.3' ],
17 silly audit   'node-red-node-test-helper': [ '0.3.4' ],
17 silly audit   split2: [ '3.2.2', '4.2.0' ],
17 silly audit   'tough-cookie': [ '4.1.3', '5.1.0' ],
17 silly audit   universalify: [ '0.2.0', '2.0.1' ],
17 silly audit   'node-releases': [ '2.0.19' ],
17 silly audit   'node-watch': [ '0.7.4' ],
17 silly audit   nodemon: [ '3.1.9' ],
17 silly audit   nopt: [ '5.0.0' ],
17 silly audit   'normalize-path': [ '3.0.0' ],
17 silly audit   'normalize-url': [ '8.0.1' ],
17 silly audit   npmlog: [ '5.0.1' ],
17 silly audit   'nth-check': [ '2.1.1' ],
17 silly audit   'number-allocator': [ '1.0.14' ],
17 silly audit   nyc: [ '15.1.0' ],
17 silly audit   'wrap-ansi': [ '6.2.0', '7.0.0' ],
17 silly audit   y18n: [ '4.0.3', '5.0.8' ],
17 silly audit   yargs: [ '15.4.1', '16.2.0' ],
17 silly audit   'yargs-parser': [ '18.1.3', '20.2.9' ],
17 silly audit   oauth2orize: [ '1.11.1' ],
17 silly audit   'object-assign': [ '4.1.1' ],
17 silly audit   'object-inspect': [ '1.13.3' ],
17 silly audit   'on-finished': [ '2.4.1' ],
17 silly audit   'on-headers': [ '1.0.2' ],
17 silly audit   once: [ '1.4.0' ],
17 silly audit   optionator: [ '0.9.4' ],
17 silly audit   'p-cancelable': [ '3.0.0' ],
17 silly audit   'p-map': [ '3.0.0' ],
17 silly audit   'p-try': [ '2.2.0' ],
17 silly audit   'package-hash': [ '4.0.0' ],
17 silly audit   'parent-module': [ '1.0.1' ],
17 silly audit   parse5: [ '6.0.1' ],
17 silly audit   'parse5-htmlparser2-tree-adapter': [ '6.0.1' ],
17 silly audit   parseurl: [ '1.3.3' ],
17 silly audit   passport: [ '0.6.0' ],
17 silly audit   'passport-http-bearer': [ '1.0.1' ],
17 silly audit   'passport-oauth2-client-password': [ '0.1.2' ],
17 silly audit   'passport-strategy': [ '1.0.0' ],
17 silly audit   'path-exists': [ '4.0.0' ],
17 silly audit   'path-is-absolute': [ '1.0.1' ],
17 silly audit   'path-key': [ '3.1.1' ],
17 silly audit   pathval: [ '1.1.1' ],
17 silly audit   pause: [ '0.0.1' ],
17 silly audit   picocolors: [ '1.1.1' ],
17 silly audit   picomatch: [ '2.3.1' ],
17 silly audit   'pkg-dir': [ '4.2.0' ],
17 silly audit   'prelude-ls': [ '1.2.1' ],
17 silly audit   process: [ '0.11.10' ],
17 silly audit   'process-nextick-args': [ '2.0.1' ],
17 silly audit   'process-on-spawn': [ '1.1.0' ],
17 silly audit   'proxy-addr': [ '2.0.7' ],
17 silly audit   'proxy-from-env': [ '1.1.0' ],
17 silly audit   pseudomap: [ '1.0.2' ],
17 silly audit   psl: [ '1.15.0' ],
17 silly audit   'pstree.remy': [ '1.1.8' ],
17 silly audit   pump: [ '3.0.2' ],
17 silly audit   punycode: [ '2.3.1' ],
17 silly audit   qs: [ '6.13.0' ],
17 silly audit   querystringify: [ '2.2.0' ],
17 silly audit   'queue-microtask': [ '1.2.3' ],
17 silly audit   'quick-lru': [ '5.1.1' ],
17 silly audit   'random-bytes': [ '1.0.0' ],
17 silly audit   randombytes: [ '2.1.0' ],
17 silly audit   'range-parser': [ '1.2.1' ],
17 silly audit   read: [ '1.0.7' ],
17 silly audit   readdirp: [ '3.6.0' ],
17 silly audit   'regenerator-runtime': [ '0.14.1' ],
17 silly audit   reinterval: [ '1.1.0' ],
17 silly audit   'release-zalgo': [ '1.0.0' ],
17 silly audit   'require-directory': [ '2.1.1' ],
17 silly audit   'require-from-string': [ '2.0.2' ],
17 silly audit   'require-main-filename': [ '2.0.0' ],
17 silly audit   'requires-port': [ '1.0.0' ],
17 silly audit   'resolve-alpn': [ '1.2.1' ],
17 silly audit   responselike: [ '3.0.0' ],
17 silly audit   reusify: [ '1.0.4' ],
17 silly audit   rfdc: [ '1.4.1' ],
17 silly audit   rimraf: [ '3.0.2' ],
17 silly audit   'run-parallel': [ '1.2.0' ],
17 silly audit   'safer-buffer': [ '2.1.2' ],
17 silly audit   sax: [ '1.4.1' ],
17 silly audit   send: [ '0.19.0' ],
17 silly audit   'serialize-javascript': [ '6.0.2' ],
17 silly audit   'serve-static': [ '1.16.2' ],
17 silly audit   'set-blocking': [ '2.0.0' ],
17 silly audit   setprototypeof: [ '1.2.0' ],
17 silly audit   'shebang-command': [ '2.0.0' ],
17 silly audit   'shebang-regex': [ '3.0.0' ],
17 silly audit   should: [ '13.2.3' ],
17 silly audit   'should-equal': [ '2.0.0' ],
17 silly audit   'should-format': [ '3.0.3' ],
17 silly audit   'should-sinon': [ '0.0.6' ],
17 silly audit   'should-type': [ '1.4.0' ],
17 silly audit   'should-type-adaptors': [ '1.1.0' ],
17 silly audit   'should-util': [ '1.0.1' ],
17 silly audit   'side-channel': [ '1.1.0' ],
17 silly audit   'side-channel-list': [ '1.0.0' ],
17 silly audit   'side-channel-map': [ '1.0.1' ],
17 silly audit   'side-channel-weakmap': [ '1.0.2' ],
17 silly audit   'signal-exit': [ '3.0.7' ],
17 silly audit   'simple-update-notifier': [ '2.0.0' ],
17 silly audit   'source-map': [ '0.6.1' ],
17 silly audit   'spawn-wrap': [ '2.0.0' ],
17 silly audit   'split-ca': [ '1.0.1' ],
17 silly audit   'sprintf-js': [ '1.0.3' ],
17 silly audit   ssh2: [ '1.16.0' ],
17 silly audit   statuses: [ '2.0.1' ],
17 silly audit   stoppable: [ '1.1.0' ],
17 silly audit   'stream-shift': [ '1.0.3' ],
17 silly audit   streamsearch: [ '1.1.0' ],
17 silly audit   'string-width': [ '4.2.3' ],
17 silly audit   'strip-ansi': [ '6.0.1' ],
17 silly audit   'strip-bom': [ '4.0.0' ],
17 silly audit   'strip-json-comments': [ '3.1.1' ],
17 silly audit   superagent: [ '9.0.2' ],
17 silly audit   supertest: [ '7.0.0' ],
17 silly audit   tar: [ '6.2.1' ],
17 silly audit   'tar-fs': [ '2.0.1' ],
17 silly audit   'tar-stream': [ '2.2.0' ],
17 silly audit   'test-exclude': [ '6.0.0' ],
17 silly audit   'text-table': [ '0.2.0' ],
17 silly audit   tldts: [ '6.1.73' ],
17 silly audit   'tldts-core': [ '6.1.73' ],
17 silly audit   'to-regex-range': [ '5.0.1' ],
17 silly audit   toidentifier: [ '1.0.1' ],
17 silly audit   touch: [ '3.1.1' ],
17 silly audit   tr46: [ '0.0.3' ],
17 silly audit   tslib: [ '2.8.1' ],
17 silly audit   tweetnacl: [ '0.14.5' ],
17 silly audit   'type-check': [ '0.4.0' ],
17 silly audit   'type-is': [ '1.6.18' ],
17 silly audit   typedarray: [ '0.0.6' ],
17 silly audit   'typedarray-to-buffer': [ '3.1.5' ],
17 silly audit   'uglify-js': [ '3.17.4' ],
17 silly audit   'uid-safe': [ '2.1.5' ],
17 silly audit   uid2: [ '0.0.4' ],
17 silly audit   undefsafe: [ '2.0.5' ],
17 silly audit   'undici-types': [ '6.20.0' ],
17 silly audit   unpipe: [ '1.0.0' ],
17 silly audit   'update-browserslist-db': [ '1.1.2' ],
17 silly audit   'uri-js': [ '4.4.1' ],
17 silly audit   'url-parse': [ '1.5.10' ],
17 silly audit   'util-deprecate': [ '1.0.2' ],
17 silly audit   'utils-merge': [ '1.0.1' ],
17 silly audit   vary: [ '1.1.2' ],
17 silly audit   'webidl-conversions': [ '3.0.1' ],
17 silly audit   'whatwg-url': [ '5.0.0' ],
17 silly audit   which: [ '2.0.2' ],
17 silly audit   'which-module': [ '2.0.1' ],
17 silly audit   'wide-align': [ '1.1.5' ],
17 silly audit   'word-wrap': [ '1.2.5' ],
17 silly audit   'worker-timers': [ '7.1.8' ],
17 silly audit   'worker-timers-broker': [ '6.1.8' ],
17 silly audit   'worker-timers-worker': [ '7.0.71' ],
17 silly audit   workerpool: [ '6.5.1' ],
17 silly audit   wrappy: [ '1.0.2' ],
17 silly audit   'write-file-atomic': [ '3.0.3' ],
17 silly audit   xml2js: [ '0.6.2' ],
17 silly audit   xmlbuilder: [ '11.0.1' ],
17 silly audit   xtend: [ '4.0.2' ],
17 silly audit   'yargs-unparser': [ '2.0.0' ],
17 silly audit   'yocto-queue': [ '0.1.0' ]
17 silly audit }
18 http fetch POST 200 https://registry.npmjs.org/-/npm/v1/security/advisories/bulk 371ms
19 silly audit report {}
20 verbose cwd /Users/scottterry/Workspace/AgentGarage/ExampleChatApp/node-red-example
21 verbose os Darwin 24.3.0
22 verbose node v20.18.3
23 verbose npm  v10.8.2
24 verbose exit 0
25 info ok
