0 verbose cli /Users/scottterry/.nvm/versions/node/v20.18.3/bin/node /Users/scottterry/.nvm/versions/node/v20.18.3/bin/npm
1 info using npm@10.8.2
2 info using node@v20.18.3
3 silly config load:file:/Users/scottterry/.nvm/versions/node/v20.18.3/lib/node_modules/npm/npmrc
4 silly config load:file:/Users/scottterry/Workspace/AgentGarage/ExampleChatApp/node-red-example/.npmrc
5 silly config load:file:/Users/scottterry/.npmrc
6 silly config load:file:/Users/scottterry/.nvm/versions/node/v20.18.3/etc/npmrc
7 verbose title npm config set cache /Users/scottterry/Workspace/AgentGarage/ExampleChatApp/node-red-example/.npm-cache
8 verbose argv "config" "set" "cache" "/Users/scottterry/Workspace/AgentGarage/ExampleChatApp/node-red-example/.npm-cache"
9 verbose logfile logs-max:10 dir:/Users/scottterry/Workspace/AgentGarage/ExampleChatApp/node-red-example/.npm-cache/_logs/2025-02-21T07_55_02_052Z-
10 verbose logfile /Users/scottterry/Workspace/AgentGarage/ExampleChatApp/node-red-example/.npm-cache/_logs/2025-02-21T07_55_02_052Z-debug-0.log
11 info config set "cache" "/Users/scottterry/Workspace/AgentGarage/ExampleChatApp/node-red-example/.npm-cache"
12 silly logfile start cleaning logs, removing 1 files
13 silly logfile done cleaning log files
14 verbose cwd /Users/scottterry/Workspace/AgentGarage/ExampleChatApp/node-red-example
15 verbose os Darwin 24.3.0
16 verbose node v20.18.3
17 verbose npm  v10.8.2
18 verbose exit 0
19 info ok
